<?xml version="1.0" encoding="UTF-8"?>
<!-- Generated by org.testng.reporters.JUnitXMLReporter -->
<testsuite ignored="0" hostname="DESKTOP-HSAPT3H" failures="0" tests="12" name="Full Test Flow" time="131.995" errors="0" timestamp="2026-04-20T15:49:31 IST">
  <testcase classname="ninjashop.tests.AuthenticationTest" name="verifySuccessfulRegistration" time="5.985"/>
  <testcase classname="ninjashop.tests.AuthenticationTest" name="verifySuccessfulLogin" time="3.222"/>
  <testcase classname="ninjashop.tests.AuthenticationTest" name="verifyInvalidLoginScenarios" time="3.028"/>
  <testcase classname="ninjashop.tests.AuthenticationTest" name="verifyInvalidLoginScenarios" time="2.865"/>
  <testcase classname="ninjashop.tests.AuthenticationTest" name="verifyLogout" time="11.385"/>
  <testcase classname="ninjashop.tests.ProductTest" name="verifyNonExistentProductSearch" time="0.949"/>
  <testcase classname="ninjashop.tests.ProductTest" name="verifyProductDetails" time="42.758"/>
  <testcase classname="ninjashop.tests.ProductTest" name="verifyProductSearch" time="0.826"/>
  <testcase classname="ninjashop.tests.CartTest" name="verifyAddToCart" time="3.604"/>
  <testcase classname="ninjashop.tests.CartTest" name="verifyRemoveFromCart" time="4.56"/>
  <testcase classname="ninjashop.tests.CartTest" name="verifyUpdateCartQuantity" time="3.789"/>
  <testcase classname="ninjashop.tests.CheckoutTest" name="verifyCheckoutFlow" time="12.357"/>
</testsuite> <!-- Full Test Flow -->
