<?xml version="1.0" encoding="UTF-8"?>
<testng-results ignored="0" total="12" passed="12" failed="0" skipped="0">
  <reporter-output>
  </reporter-output>
  <suite started-at="2026-04-20T15:47:18 IST" name="NinjaShop Suite" finished-at="2026-04-20T15:49:30 IST" duration-ms="131995">
    <groups>
    </groups>
    <test started-at="2026-04-20T15:47:18 IST" name="Full Test Flow" finished-at="2026-04-20T15:49:30 IST" duration-ms="131995">
      <class name="ninjashop.tests.CartTest">
        <test-method is-config="true" signature="setUp()[pri:0, instance:ninjashop.tests.CartTest@40005471]" started-at="2026-04-20T15:48:55 IST" name="setUp" finished-at="2026-04-20T15:48:58 IST" duration-ms="2715" status="PASS">
          <reporter-output>
          </reporter-output>
        </test-method> <!-- setUp -->
        <test-method signature="verifyAddToCart()[pri:0, instance:ninjashop.tests.CartTest@40005471]" started-at="2026-04-20T15:48:58 IST" name="verifyAddToCart" finished-at="2026-04-20T15:49:01 IST" duration-ms="3604" status="PASS">
          <reporter-output>
          </reporter-output>
        </test-method> <!-- verifyAddToCart -->
        <test-method is-config="true" signature="tearDown()[pri:0, instance:ninjashop.tests.CartTest@40005471]" started-at="2026-04-20T15:49:01 IST" name="tearDown" finished-at="2026-04-20T15:49:02 IST" duration-ms="410" status="PASS">
          <reporter-output>
          </reporter-output>
        </test-method> <!-- tearDown -->
        <test-method is-config="true" signature="setUp()[pri:0, instance:ninjashop.tests.CartTest@40005471]" started-at="2026-04-20T15:49:02 IST" name="setUp" finished-at="2026-04-20T15:49:03 IST" duration-ms="1760" status="PASS">
          <reporter-output>
          </reporter-output>
        </test-method> <!-- setUp -->
        <test-method signature="verifyRemoveFromCart()[pri:0, instance:ninjashop.tests.CartTest@40005471]" started-at="2026-04-20T15:49:03 IST" name="verifyRemoveFromCart" finished-at="2026-04-20T15:49:08 IST" duration-ms="4560" status="PASS">
          <reporter-output>
          </reporter-output>
        </test-method> <!-- verifyRemoveFromCart -->
        <test-method is-config="true" signature="tearDown()[pri:0, instance:ninjashop.tests.CartTest@40005471]" started-at="2026-04-20T15:49:08 IST" name="tearDown" finished-at="2026-04-20T15:49:08 IST" duration-ms="421" status="PASS">
          <reporter-output>
          </reporter-output>
        </test-method> <!-- tearDown -->
        <test-method is-config="true" signature="setUp()[pri:0, instance:ninjashop.tests.CartTest@40005471]" started-at="2026-04-20T15:49:08 IST" name="setUp" finished-at="2026-04-20T15:49:11 IST" duration-ms="2205" status="PASS">
          <reporter-output>
          </reporter-output>
        </test-method> <!-- setUp -->
        <test-method signature="verifyUpdateCartQuantity()[pri:0, instance:ninjashop.tests.CartTest@40005471]" started-at="2026-04-20T15:49:11 IST" name="verifyUpdateCartQuantity" finished-at="2026-04-20T15:49:14 IST" duration-ms="3789" status="PASS">
          <reporter-output>
          </reporter-output>
        </test-method> <!-- verifyUpdateCartQuantity -->
        <test-method is-config="true" signature="tearDown()[pri:0, instance:ninjashop.tests.CartTest@40005471]" started-at="2026-04-20T15:49:14 IST" name="tearDown" finished-at="2026-04-20T15:49:15 IST" duration-ms="423" status="PASS">
          <reporter-output>
          </reporter-output>
        </test-method> <!-- tearDown -->
      </class> <!-- ninjashop.tests.CartTest -->
      <class name="ninjashop.tests.ProductTest">
        <test-method is-config="true" signature="setUp()[pri:0, instance:ninjashop.tests.ProductTest@3d285d7e]" started-at="2026-04-20T15:48:01 IST" name="setUp" finished-at="2026-04-20T15:48:03 IST" duration-ms="2501" status="PASS">
          <reporter-output>
          </reporter-output>
        </test-method> <!-- setUp -->
        <test-method signature="verifyNonExistentProductSearch()[pri:0, instance:ninjashop.tests.ProductTest@3d285d7e]" started-at="2026-04-20T15:48:03 IST" name="verifyNonExistentProductSearch" finished-at="2026-04-20T15:48:04 IST" duration-ms="949" status="PASS">
          <reporter-output>
          </reporter-output>
        </test-method> <!-- verifyNonExistentProductSearch -->
        <test-method is-config="true" signature="tearDown()[pri:0, instance:ninjashop.tests.ProductTest@3d285d7e]" started-at="2026-04-20T15:48:04 IST" name="tearDown" finished-at="2026-04-20T15:48:05 IST" duration-ms="491" status="PASS">
          <reporter-output>
          </reporter-output>
        </test-method> <!-- tearDown -->
        <test-method is-config="true" signature="setUp()[pri:0, instance:ninjashop.tests.ProductTest@3d285d7e]" started-at="2026-04-20T15:48:05 IST" name="setUp" finished-at="2026-04-20T15:48:07 IST" duration-ms="2763" status="PASS">
          <reporter-output>
          </reporter-output>
        </test-method> <!-- setUp -->
        <test-method signature="verifyProductDetails()[pri:0, instance:ninjashop.tests.ProductTest@3d285d7e]" started-at="2026-04-20T15:48:07 IST" name="verifyProductDetails" finished-at="2026-04-20T15:48:50 IST" duration-ms="42758" status="PASS">
          <reporter-output>
          </reporter-output>
        </test-method> <!-- verifyProductDetails -->
        <test-method is-config="true" signature="tearDown()[pri:0, instance:ninjashop.tests.ProductTest@3d285d7e]" started-at="2026-04-20T15:48:50 IST" name="tearDown" finished-at="2026-04-20T15:48:51 IST" duration-ms="535" status="PASS">
          <reporter-output>
          </reporter-output>
        </test-method> <!-- tearDown -->
        <test-method is-config="true" signature="setUp()[pri:0, instance:ninjashop.tests.ProductTest@3d285d7e]" started-at="2026-04-20T15:48:51 IST" name="setUp" finished-at="2026-04-20T15:48:54 IST" duration-ms="3055" status="PASS">
          <reporter-output>
          </reporter-output>
        </test-method> <!-- setUp -->
        <test-method signature="verifyProductSearch()[pri:0, instance:ninjashop.tests.ProductTest@3d285d7e]" started-at="2026-04-20T15:48:54 IST" name="verifyProductSearch" finished-at="2026-04-20T15:48:54 IST" duration-ms="826" status="PASS">
          <reporter-output>
          </reporter-output>
        </test-method> <!-- verifyProductSearch -->
        <test-method is-config="true" signature="tearDown()[pri:0, instance:ninjashop.tests.ProductTest@3d285d7e]" started-at="2026-04-20T15:48:54 IST" name="tearDown" finished-at="2026-04-20T15:48:55 IST" duration-ms="448" status="PASS">
          <reporter-output>
          </reporter-output>
        </test-method> <!-- tearDown -->
      </class> <!-- ninjashop.tests.ProductTest -->
      <class name="ninjashop.tests.AuthenticationTest">
        <test-method is-config="true" signature="setUp()[pri:0, instance:ninjashop.tests.AuthenticationTest@1165b38]" started-at="2026-04-20T15:47:18 IST" name="setUp" finished-at="2026-04-20T15:47:23 IST" duration-ms="4370" status="PASS">
          <reporter-output>
          </reporter-output>
        </test-method> <!-- setUp -->
        <test-method signature="verifySuccessfulRegistration()[pri:1, instance:ninjashop.tests.AuthenticationTest@1165b38]" started-at="2026-04-20T15:47:23 IST" name="verifySuccessfulRegistration" finished-at="2026-04-20T15:47:29 IST" duration-ms="5985" status="PASS">
          <reporter-output>
          </reporter-output>
        </test-method> <!-- verifySuccessfulRegistration -->
        <test-method is-config="true" signature="tearDown()[pri:0, instance:ninjashop.tests.AuthenticationTest@1165b38]" started-at="2026-04-20T15:47:29 IST" name="tearDown" finished-at="2026-04-20T15:47:29 IST" duration-ms="504" status="PASS">
          <reporter-output>
          </reporter-output>
        </test-method> <!-- tearDown -->
        <test-method is-config="true" signature="setUp()[pri:0, instance:ninjashop.tests.AuthenticationTest@1165b38]" started-at="2026-04-20T15:47:29 IST" name="setUp" finished-at="2026-04-20T15:47:32 IST" duration-ms="2537" status="PASS">
          <reporter-output>
          </reporter-output>
        </test-method> <!-- setUp -->
        <test-method signature="verifySuccessfulLogin()[pri:2, instance:ninjashop.tests.AuthenticationTest@1165b38]" started-at="2026-04-20T15:47:32 IST" name="verifySuccessfulLogin" finished-at="2026-04-20T15:47:35 IST" depends-on-methods="ninjashop.tests.AuthenticationTest.verifySuccessfulRegistration" duration-ms="3222" status="PASS">
          <reporter-output>
          </reporter-output>
        </test-method> <!-- verifySuccessfulLogin -->
        <test-method is-config="true" signature="tearDown()[pri:0, instance:ninjashop.tests.AuthenticationTest@1165b38]" started-at="2026-04-20T15:47:35 IST" name="tearDown" finished-at="2026-04-20T15:47:35 IST" duration-ms="414" status="PASS">
          <reporter-output>
          </reporter-output>
        </test-method> <!-- tearDown -->
        <test-method is-config="true" signature="setUp()[pri:0, instance:ninjashop.tests.AuthenticationTest@1165b38]" started-at="2026-04-20T15:47:35 IST" name="setUp" finished-at="2026-04-20T15:47:37 IST" duration-ms="2045" status="PASS">
          <reporter-output>
          </reporter-output>
        </test-method> <!-- setUp -->
        <test-method signature="verifyInvalidLoginScenarios(java.lang.String,java.lang.String,java.lang.String)[pri:3, instance:ninjashop.tests.AuthenticationTest@1165b38]" started-at="2026-04-20T15:47:37 IST" name="verifyInvalidLoginScenarios" data-provider="invalidLoginData" finished-at="2026-04-20T15:47:40 IST" duration-ms="3028" status="PASS">
          <params>
            <param index="0">
              <value>
                <![CDATA[invaliduser@gmail.com]]>
              </value>
            </param>
            <param index="1">
              <value>
                <![CDATA[demo123]]>
              </value>
            </param>
            <param index="2">
              <value>
                <![CDATA[Warning: No match for E-Mail Address and/or Password.]]>
              </value>
            </param>
          </params>
          <reporter-output>
          </reporter-output>
        </test-method> <!-- verifyInvalidLoginScenarios -->
        <test-method is-config="true" signature="tearDown()[pri:0, instance:ninjashop.tests.AuthenticationTest@1165b38]" started-at="2026-04-20T15:47:40 IST" name="tearDown" finished-at="2026-04-20T15:47:41 IST" duration-ms="451" status="PASS">
          <reporter-output>
          </reporter-output>
        </test-method> <!-- tearDown -->
        <test-method is-config="true" signature="setUp()[pri:0, instance:ninjashop.tests.AuthenticationTest@1165b38]" started-at="2026-04-20T15:47:41 IST" name="setUp" finished-at="2026-04-20T15:47:43 IST" duration-ms="2584" status="PASS">
          <reporter-output>
          </reporter-output>
        </test-method> <!-- setUp -->
        <test-method signature="verifyInvalidLoginScenarios(java.lang.String,java.lang.String,java.lang.String)[pri:3, instance:ninjashop.tests.AuthenticationTest@1165b38]" started-at="2026-04-20T15:47:43 IST" name="verifyInvalidLoginScenarios" data-provider="invalidLoginData" finished-at="2026-04-20T15:47:46 IST" duration-ms="2865" status="PASS">
          <params>
            <param index="0">
              <value>
                <![CDATA[]]>
              </value>
            </param>
            <param index="1">
              <value>
                <![CDATA[]]>
              </value>
            </param>
            <param index="2">
              <value>
                <![CDATA[Warning: No match for E-Mail Address and/or Password.]]>
              </value>
            </param>
          </params>
          <reporter-output>
          </reporter-output>
        </test-method> <!-- verifyInvalidLoginScenarios -->
        <test-method is-config="true" signature="tearDown()[pri:0, instance:ninjashop.tests.AuthenticationTest@1165b38]" started-at="2026-04-20T15:47:46 IST" name="tearDown" finished-at="2026-04-20T15:47:47 IST" duration-ms="535" status="PASS">
          <reporter-output>
          </reporter-output>
        </test-method> <!-- tearDown -->
        <test-method is-config="true" signature="setUp()[pri:0, instance:ninjashop.tests.AuthenticationTest@1165b38]" started-at="2026-04-20T15:47:47 IST" name="setUp" finished-at="2026-04-20T15:47:49 IST" duration-ms="1723" status="PASS">
          <reporter-output>
          </reporter-output>
        </test-method> <!-- setUp -->
        <test-method signature="verifyLogout()[pri:4, instance:ninjashop.tests.AuthenticationTest@1165b38]" started-at="2026-04-20T15:47:49 IST" name="verifyLogout" finished-at="2026-04-20T15:48:00 IST" depends-on-methods="ninjashop.tests.AuthenticationTest.verifySuccessfulLogin" duration-ms="11385" status="PASS">
          <reporter-output>
          </reporter-output>
        </test-method> <!-- verifyLogout -->
        <test-method is-config="true" signature="tearDown()[pri:0, instance:ninjashop.tests.AuthenticationTest@1165b38]" started-at="2026-04-20T15:48:00 IST" name="tearDown" finished-at="2026-04-20T15:48:01 IST" duration-ms="647" status="PASS">
          <reporter-output>
          </reporter-output>
        </test-method> <!-- tearDown -->
      </class> <!-- ninjashop.tests.AuthenticationTest -->
      <class name="ninjashop.tests.CheckoutTest">
        <test-method is-config="true" signature="setUp()[pri:0, instance:ninjashop.tests.CheckoutTest@2cd76f31]" started-at="2026-04-20T15:49:15 IST" name="setUp" finished-at="2026-04-20T15:49:17 IST" duration-ms="2418" status="PASS">
          <reporter-output>
          </reporter-output>
        </test-method> <!-- setUp -->
        <test-method signature="verifyCheckoutFlow()[pri:0, instance:ninjashop.tests.CheckoutTest@2cd76f31]" started-at="2026-04-20T15:49:17 IST" name="verifyCheckoutFlow" finished-at="2026-04-20T15:49:30 IST" duration-ms="12357" status="PASS">
          <reporter-output>
          </reporter-output>
        </test-method> <!-- verifyCheckoutFlow -->
        <test-method is-config="true" signature="tearDown()[pri:0, instance:ninjashop.tests.CheckoutTest@2cd76f31]" started-at="2026-04-20T15:49:30 IST" name="tearDown" finished-at="2026-04-20T15:49:30 IST" duration-ms="501" status="PASS">
          <reporter-output>
          </reporter-output>
        </test-method> <!-- tearDown -->
      </class> <!-- ninjashop.tests.CheckoutTest -->
    </test> <!-- Full Test Flow -->
  </suite> <!-- NinjaShop Suite -->
</testng-results>
