<?xml version="1.0" encoding="UTF-8"?>
<!-- Generated by org.testng.reporters.JUnitReportReporter -->
<testsuite hostname="DESKTOP-HSAPT3H" failures="0" tests="3" name="ninjashop.tests.CartTest" time="19.887" errors="0" timestamp="2026-04-20T15:49:31 IST" skipped="0">
  <testcase classname="ninjashop.tests.CartTest" name="verifyUpdateCartQuantity" time="5.972"/>
  <testcase classname="ninjashop.tests.CartTest" name="verifyAddToCart" time="6.230"/>
  <testcase classname="ninjashop.tests.CartTest" name="verifyRemoveFromCart" time="7.685"/>
</testsuite> <!-- ninjashop.tests.CartTest -->
