<?xml version="1.0" encoding="UTF-8"?>
<!-- Generated by org.testng.reporters.JUnitReportReporter -->
<testsuite hostname="DESKTOP-HSAPT3H" failures="0" tests="3" name="ninjashop.tests.ProductTest" time="54.326" errors="0" timestamp="2026-04-20T15:49:31 IST" skipped="0">
  <testcase classname="ninjashop.tests.ProductTest" name="verifyNonExistentProductSearch" time="4.539"/>
  <testcase classname="ninjashop.tests.ProductTest" name="verifyProductSearch" time="4.080"/>
  <testcase classname="ninjashop.tests.ProductTest" name="verifyProductDetails" time="45.707"/>
</testsuite> <!-- ninjashop.tests.ProductTest -->
