<?xml version="1.0" encoding="UTF-8"?>
<!-- Generated by org.testng.reporters.JUnitReportReporter -->
<testsuite hostname="DESKTOP-HSAPT3H" failures="0" tests="5" name="ninjashop.tests.AuthenticationTest" time="42.295" errors="0" timestamp="2026-04-20T15:49:31 IST" skipped="0">
  <testcase classname="ninjashop.tests.AuthenticationTest" name="verifySuccessfulRegistration" time="8.212"/>
  <testcase classname="ninjashop.tests.AuthenticationTest" name="verifySuccessfulLogin" time="8.127"/>
  <testcase classname="ninjashop.tests.AuthenticationTest" name="verifyInvalidLoginScenarios" time="5.816"/>
  <testcase classname="ninjashop.tests.AuthenticationTest" name="verifyInvalidLoginScenarios" time="5.524"/>
  <testcase classname="ninjashop.tests.AuthenticationTest" name="verifyLogout" time="14.616"/>
</testsuite> <!-- ninjashop.tests.AuthenticationTest -->
